#
# There is insufficient memory for the Java Runtime Environment to continue.
# Native memory allocation (mmap) failed to map 132120576 bytes for G1 virtual space
# Possible reasons:
#   The system is out of physical RAM or swap space
#   The process is running with CompressedOops enabled, and the Java Heap may be blocking the growth of the native heap
# Possible solutions:
#   Reduce memory load on the system
#   Increase physical memory or swap space
#   Check if swap backing store is full
#   Decrease Java heap size (-Xmx/-Xms)
#   Decrease number of Java threads
#   Decrease Java thread stack sizes (-Xss)
#   Set larger code cache with -XX:ReservedCodeCacheSize=
#   JVM is running with Unscaled Compressed Oops mode in which the Java heap is
#     placed in the first 4GB address space. The Java Heap base address is the
#     maximum limit for the native heap growth. Please use -XX:HeapBaseMinAddress
#     to set the Java Heap base and to place the Java Heap above 4GB virtual address.
# This output file may be truncated or incomplete.
#
#  Out of Memory Error (os_windows.cpp:3469), pid=2788, tid=8604
#
# JRE version:  (17.0.1+12) (build )
# Java VM: OpenJDK 64-Bit Server VM (17.0.1+12, mixed mode, sharing, tiered, compressed oops, compressed class ptrs, g1 gc, windows-amd64)
# No core dump will be written. Minidumps are not enabled by default on client versions of Windows
#

---------------  S U M M A R Y ------------

Command Line: -Dfile.encoding=Cp1252 -XX:+ShowCodeDetailsInExceptionMessages Colecao.Um

Host: Intel(R) Core(TM) i5-7300U CPU @ 2.60GHz, 4 cores, 7G,  Windows 10 , 64 bit Build 19041 (10.0.19041.1503)
Time: Fri Mar 11 21:10:48 2022 Hora oficial do Brasil elapsed time: 0.014336 seconds (0d 0h 0m 0s)

---------------  T H R E A D  ---------------

Current thread (0x0000026188bbb710):  JavaThread "Unknown thread" [_thread_in_vm, id=8604, stack(0x000000bebee00000,0x000000bebef00000)]

Stack: [0x000000bebee00000,0x000000bebef00000]
Native frames: (J=compiled Java code, j=interpreted, Vv=VM code, C=native code)
V  [jvm.dll+0x6744da]
V  [jvm.dll+0x82e144]
V  [jvm.dll+0x82f8ee]
V  [jvm.dll+0x82ff53]
V  [jvm.dll+0x245175]
V  [jvm.dll+0x6714c9]
V  [jvm.dll+0x665f92]
V  [jvm.dll+0x303c3b]
V  [jvm.dll+0x30b176]
V  [jvm.dll+0x35af1e]
V  [jvm.dll+0x35b14f]
V  [jvm.dll+0x2dab78]
V  [jvm.dll+0x2dbae4]
V  [jvm.dll+0x7ffdf1]
V  [jvm.dll+0x368c91]
V  [jvm.dll+0x7df2cc]
V  [jvm.dll+0x3eb59f]
V  [jvm.dll+0x3ed121]
C  [jli.dll+0x5277]
C  [ucrtbase.dll+0x21bb2]
C  [KERNEL32.DLL+0x17034]
C  [ntdll.dll+0x52651]


---------------  P R O C E S S  ---------------

Threads class SMR info:
_java_thread_list=0x00007ff9980d4e58, length=0, elements={
}

Java Threads: ( => current thread )

Other Threads:
  0x0000026188bfba90 GCTaskThread "GC Thread#0" [stack: 0x000000bebef00000,0x000000bebf000000] [id=11076]
  0x0000026188c0ed50 ConcurrentGCThread "G1 Main Marker" [stack: 0x000000bebf000000,0x000000bebf100000] [id=6472]
  0x0000026188c10770 ConcurrentGCThread "G1 Conc#0" [stack: 0x000000bebf100000,0x000000bebf200000] [id=5948]

[error occurred during error reporting (printing all threads), id 0xc0000005, EXCEPTION_ACCESS_VIOLATION (0xc0000005) at pc=0x00007ff9978ab5f7]

VM state: not at safepoint (not fully initialized)

VM Mutex/Monitor currently owned by a thread:  ([mutex/lock_event])
[0x0000026188bb6e10] Heap_lock - owner thread: 0x0000026188bbb710

Heap address: 0x0000000082200000, size: 2014 MB, Compressed Oops mode: 32-bit

CDS archive(s) mapped at: [0x0000000000000000-0x0000000000000000-0x0000000000000000), size 0, SharedBaseAddress: 0x0000000800000000, ArchiveRelocationMode: 0.
Narrow klass base: 0x0000000000000000, Narrow klass shift: 0, Narrow klass range: 0x0

GC Precious Log:
<Empty>

Heap:
 garbage-first heap   total 0K, used 0K [0x0000000082200000, 0x0000000100000000)
  region size 1024K, 0 young (0K), 0 survivors (0K)

[error occurred during error reporting (printing heap information), id 0xc0000005, EXCEPTION_ACCESS_VIOLATION (0xc0000005) at pc=0x00007ff997c8d729]

GC Heap History (0 events):
No events

Deoptimization events (0 events):
No events

Classes unloaded (0 events):
No events

Classes redefined (0 events):
No events

Internal exceptions (0 events):
No events

VM Operations (0 events):
No events

Events (1 events):
Event: 0.009 Loaded shared library C:\Users\User\Downloads\sts-4.13.1.RELEASE\plugins\org.eclipse.justj.openjdk.hotspot.jre.full.win32.x86_64_17.0.1.v20211116-1657\jre\bin\java.dll


Dynamic libraries:
0x00007ff6f1ab0000 - 0x00007ff6f1abe000 	C:\Users\User\Downloads\sts-4.13.1.RELEASE\plugins\org.eclipse.justj.openjdk.hotspot.jre.full.win32.x86_64_17.0.1.v20211116-1657\jre\bin\javaw.exe
0x00007ff9f99b0000 - 0x00007ff9f9ba5000 	C:\Windows\SYSTEM32\ntdll.dll
0x00007ff9f86b0000 - 0x00007ff9f876e000 	C:\Windows\System32\KERNEL32.DLL
0x00007ff9f7570000 - 0x00007ff9f7838000 	C:\Windows\System32\KERNELBASE.dll
0x00007ff9f7310000 - 0x00007ff9f7410000 	C:\Windows\System32\ucrtbase.dll
0x00007ff9d9b50000 - 0x00007ff9d9b68000 	C:\Users\User\Downloads\sts-4.13.1.RELEASE\plugins\org.eclipse.justj.openjdk.hotspot.jre.full.win32.x86_64_17.0.1.v20211116-1657\jre\bin\jli.dll
0x00007ff9f9720000 - 0x00007ff9f98c0000 	C:\Windows\System32\USER32.dll
0x00007ff9f79d0000 - 0x00007ff9f79f2000 	C:\Windows\System32\win32u.dll
0x00007ff9f2180000 - 0x00007ff9f2199000 	C:\Users\User\Downloads\sts-4.13.1.RELEASE\plugins\org.eclipse.justj.openjdk.hotspot.jre.full.win32.x86_64_17.0.1.v20211116-1657\jre\bin\VCRUNTIME140.dll
0x00007ff9f7b80000 - 0x00007ff9f7bab000 	C:\Windows\System32\GDI32.dll
0x00007ff9f78c0000 - 0x00007ff9f79cd000 	C:\Windows\System32\gdi32full.dll
0x00007ff9f7150000 - 0x00007ff9f71ed000 	C:\Windows\System32\msvcp_win.dll
0x00007ff9f1940000 - 0x00007ff9f1bda000 	C:\Windows\WinSxS\amd64_microsoft.windows.common-controls_6595b64144ccf1df_6.0.19041.1110_none_60b5254171f9507e\COMCTL32.dll
0x00007ff9f9620000 - 0x00007ff9f96be000 	C:\Windows\System32\msvcrt.dll
0x00007ff9f7bb0000 - 0x00007ff9f7be0000 	C:\Windows\System32\IMM32.DLL
0x00007ff9f1df0000 - 0x00007ff9f1dfc000 	C:\Users\User\Downloads\sts-4.13.1.RELEASE\plugins\org.eclipse.justj.openjdk.hotspot.jre.full.win32.x86_64_17.0.1.v20211116-1657\jre\bin\vcruntime140_1.dll
0x00007ff9c7a80000 - 0x00007ff9c7b11000 	C:\Users\User\Downloads\sts-4.13.1.RELEASE\plugins\org.eclipse.justj.openjdk.hotspot.jre.full.win32.x86_64_17.0.1.v20211116-1657\jre\bin\msvcp140.dll
0x00007ff9975c0000 - 0x00007ff998206000 	C:\Users\User\Downloads\sts-4.13.1.RELEASE\plugins\org.eclipse.justj.openjdk.hotspot.jre.full.win32.x86_64_17.0.1.v20211116-1657\jre\bin\server\jvm.dll
0x00007ff9f98c0000 - 0x00007ff9f996e000 	C:\Windows\System32\ADVAPI32.dll
0x00007ff9f7ad0000 - 0x00007ff9f7b6c000 	C:\Windows\System32\sechost.dll
0x00007ff9f83f0000 - 0x00007ff9f8515000 	C:\Windows\System32\RPCRT4.dll
0x00007ff9f8a20000 - 0x00007ff9f8a28000 	C:\Windows\System32\PSAPI.DLL
0x00007ff9f2270000 - 0x00007ff9f2279000 	C:\Windows\SYSTEM32\WSOCK32.dll
0x00007ff9f8590000 - 0x00007ff9f85fb000 	C:\Windows\System32\WS2_32.dll
0x00007ff9e8f50000 - 0x00007ff9e8f77000 	C:\Windows\SYSTEM32\WINMM.dll
0x00007ff9ec4e0000 - 0x00007ff9ec4ea000 	C:\Windows\SYSTEM32\VERSION.dll
0x00007ff9f5990000 - 0x00007ff9f59a2000 	C:\Windows\SYSTEM32\kernel.appcore.dll
0x00007ff9f1050000 - 0x00007ff9f105a000 	C:\Users\User\Downloads\sts-4.13.1.RELEASE\plugins\org.eclipse.justj.openjdk.hotspot.jre.full.win32.x86_64_17.0.1.v20211116-1657\jre\bin\jimage.dll
0x00007ff9f5640000 - 0x00007ff9f5824000 	C:\Windows\SYSTEM32\DBGHELP.DLL
0x00007ff9f0300000 - 0x00007ff9f032c000 	C:\Windows\SYSTEM32\dbgcore.DLL
0x00007ff9f70c0000 - 0x00007ff9f7142000 	C:\Windows\System32\bcryptPrimitives.dll
0x00007ff9e0120000 - 0x00007ff9e0145000 	C:\Users\User\Downloads\sts-4.13.1.RELEASE\plugins\org.eclipse.justj.openjdk.hotspot.jre.full.win32.x86_64_17.0.1.v20211116-1657\jre\bin\java.dll

dbghelp: loaded successfully - version: 4.0.5 - missing functions: none
symbol engine: initialized successfully - sym options: 0x614 - pdb path: .;C:\Users\User\Downloads\sts-4.13.1.RELEASE\plugins\org.eclipse.justj.openjdk.hotspot.jre.full.win32.x86_64_17.0.1.v20211116-1657\jre\bin;C:\Windows\SYSTEM32;C:\Windows\WinSxS\amd64_microsoft.windows.common-controls_6595b64144ccf1df_6.0.19041.1110_none_60b5254171f9507e;C:\Users\User\Downloads\sts-4.13.1.RELEASE\plugins\org.eclipse.justj.openjdk.hotspot.jre.full.win32.x86_64_17.0.1.v20211116-1657\jre\bin\server

VM Arguments:
jvm_args: -Dfile.encoding=Cp1252 -XX:+ShowCodeDetailsInExceptionMessages 
java_command: Colecao.Um
java_class_path (initial): C:\Users\User\Documents\workspace-spring-tool-suite-4-4.13.1.RELEASE\inicioJava\bin
Launcher Type: SUN_STANDARD

[Global flags]
     intx CICompilerCount                          = 3                                         {product} {ergonomic}
     uint ConcGCThreads                            = 1                                         {product} {ergonomic}
     uint G1ConcRefinementThreads                  = 4                                         {product} {ergonomic}
   size_t G1HeapRegionSize                         = 1048576                                   {product} {ergonomic}
    uintx GCDrainStackTargetSize                   = 64                                        {product} {ergonomic}
   size_t InitialHeapSize                          = 132120576                                 {product} {ergonomic}
   size_t MarkStackSize                            = 4194304                                   {product} {ergonomic}
   size_t MaxHeapSize                              = 2111832064                                {product} {ergonomic}
   size_t MinHeapDeltaBytes                        = 1048576                                   {product} {ergonomic}
   size_t MinHeapSize                              = 8388608                                   {product} {ergonomic}
    uintx NonNMethodCodeHeapSize                   = 5832780                                {pd product} {ergonomic}
    uintx NonProfiledCodeHeapSize                  = 122912730                              {pd product} {ergonomic}
    uintx ProfiledCodeHeapSize                     = 122912730                              {pd product} {ergonomic}
    uintx ReservedCodeCacheSize                    = 251658240                              {pd product} {ergonomic}
     bool SegmentedCodeCache                       = true                                      {product} {ergonomic}
     bool ShowCodeDetailsInExceptionMessages       = true                                   {manageable} {command line}
   size_t SoftMaxHeapSize                          = 2111832064                             {manageable} {ergonomic}
     bool UseCompressedClassPointers               = true                           {product lp64_product} {ergonomic}
     bool UseCompressedOops                        = true                           {product lp64_product} {ergonomic}
     bool UseG1GC                                  = true                                      {product} {ergonomic}
     bool UseLargePagesIndividualAllocation        = false                                  {pd product} {ergonomic}

Logging:
Log output configuration:
 #0: stdout all=warning uptime,level,tags
 #1: stderr all=off uptime,level,tags

Environment Variables:
PATH=C:/Users/User/Downloads/sts-4.13.1.RELEASE//plugins/org.eclipse.justj.openjdk.hotspot.jre.full.win32.x86_64_17.0.1.v20211116-1657/jre/bin/server;C:/Users/User/Downloads/sts-4.13.1.RELEASE//plugins/org.eclipse.justj.openjdk.hotspot.jre.full.win32.x86_64_17.0.1.v20211116-1657/jre/bin;C:\Program Files\Common Files\Oracle\Java\javapath;C:\Windows\system32;C:\Windows;C:\Windows\System32\Wbem;C:\Windows\System32\WindowsPowerShell\v1.0\;C:\Windows\System32\OpenSSH\;C:\ProgramData\UNIVALI\Portugol Studio;C:\Program Files\Java\jdk-15.0.2\bin;;C:\Users\User\AppData\Local\Programs\Microsoft VS Code\bin;C:\Users\User\Downloads\sts-4.13.1.RELEASE;
USERNAME=User
OS=Windows_NT
PROCESSOR_IDENTIFIER=Intel64 Family 6 Model 142 Stepping 9, GenuineIntel



---------------  S Y S T E M  ---------------

OS:
 Windows 10 , 64 bit Build 19041 (10.0.19041.1503)
OS uptime: 24 days 3:39 hours

CPU: total 4 (initial active 4) (2 cores per cpu, 2 threads per core) family 6 model 142 stepping 9 microcode 0xea, cx8, cmov, fxsr, ht, mmx, 3dnowpref, sse, sse2, sse3, ssse3, sse4.1, sse4.2, popcnt, lzcnt, tsc, tscinvbit, avx, avx2, aes, erms, clmul, bmi1, bmi2, rtm, adx, fma, vzeroupper, clflush, clflushopt

Memory: 4k page, system-wide physical 8053M (1271M free)
TotalPageFile size 23254M (AvailPageFile size 96M)
current process WorkingSet (physical memory assigned to process): 10M, peak: 10M
current process commit charge ("private bytes"): 51M, peak: 177M

vm_info: OpenJDK 64-Bit Server VM (17.0.1+12) for windows-amd64 JRE (17.0.1+12), built on Oct 20 2021 07:42:55 by "" with MS VC++ 16.7 (VS2019)

END.
